9/7/2017 11:42:19 PM
echo:0 ready
9/7/2017 11:42:19 PM
echo:1 ready
9/7/2017 11:42:19 PM
echo:2 ready
9/7/2017 11:42:19 PM
echo:3 ready
9/7/2017 11:42:19 PM
echo:4 ready
9/7/2017 11:42:19 PM
echo:5 ready
9/7/2017 11:42:19 PM
echo:7 ready
9/7/2017 11:42:19 PM
echo:8 ready
9/7/2017 11:42:19 PM
echo:10 ready
9/7/2017 11:42:19 PM
echo:11 ready
9/7/2017 11:42:19 PM
echo:13 ready
9/7/2017 11:42:19 PM
echo:14 ready
9/7/2017 11:42:19 PM
echo:15 ready
9/7/2017 11:42:19 PM
echo:16 ready


9/7/2017 11:42:19 PM
echo:17 ready
9/7/2017 11:42:19 PM
echo:18 ready
9/7/2017 11:42:20 PM
echo:20 ready
9/7/2017 11:42:20 PM
echo:22 ready
9/7/2017 11:42:24 PM
14688678 detect:0 fail
9/7/2017 11:42:24 PM
14688678 detect:1 fail
9/7/2017 11:42:25 PM
14688678 detect:2 fail
9/7/2017 11:42:25 PM
14688678 detect:3 fail
9/7/2017 11:42:25 PM
14688678 detect:4 fail
9/7/2017 11:42:25 PM
14688678 detect:5 fail
9/7/2017 11:42:25 PM
14688678 detect:6 fail
9/7/2017 11:42:25 PM
14688678 detect:7 fail
9/7/2017 11:42:25 PM
14688678 detect:8 fail
9/7/2017 11:42:25 PM
14688678 detect:9 fail
9/7/2017 11:42:25 PM
14688678 detect:10 fail
9/7/2017 11:42:25 PM
14688678 detect:11 fail
9/7/2017 11:42:25 PM
14688678 detect:12 fail
9/7/2017 11:42:25 PM
14688678 detect:13 fail
9/7/2017 11:42:25 PM
14688678 detect:14 fail
9/7/2017 11:42:25 PM
14688678 detect:15 fail
9/7/2017 11:42:25 PM
14688678 detect:16 
fail
9/7/2017 11:42:25 PM
14688678 detect:17 fail
9/7/2017 11:42:25 PM
14688678 detect:18 fail
9/7/2017 11:42:25 PM
14688678 detect:19 fail
9/7/2017 11:42:25 PM
14688678 detect:20 fail
9/7/2017 11:42:25 PM
14688678 detect:21 fail
9/7/2017 11:42:25 PM
14688678 detect:22 fail
9/7/2017 11:42:25 PM
14688678 detect:23 
fail
9/7/2017 11:42:25 PM
14688678 detect:24 fail
9/7/2017 11:42:27 PM
14688679 detect:0 fail
9/7/2017 11:42:27 PM
14688679 detect:1 fail
9/7/2017 11:42:27 PM
14688679 detect:2 fail
9/7/2017 11:42:27 PM
14688679 detect:3 fail
9/7/2017 11:42:27 PM
14688679 detect:4 fail
9/7/2017 11:42:27 PM
14688679 detect:5 fail
9/7/2017 11:42:27 PM
14688679 detect:6 fail
9/7/2017 11:42:27 PM
14688679 detect:7 fail
9/7/2017 11:42:27 PM
14688679 detect:8 fail
9/7/2017 11:42:27 PM
14688679 detect:9 fail
9/7/2017 11:42:27 PM
14688679 detect:10 fail
9/7/2017 11:42:27 PM
14688679 detect:11 fail
9/7/2017 11:42:27 PM
14688679 detect:12 fail
9/7/2017 11:42:27 PM
14688679 detect:13 fail
9/7/2017 11:42:27 PM
14688679 detect:14 fail
9/7/2017 11:42:27 PM
14688679 detect:15 fail
9/7/2017 11:42:27 PM
14688679 detect:16 
fail
9/7/2017 11:42:27 PM
14688679 detect:17 fail
9/7/2017 11:42:27 PM
14688679 detect:18 fail
9/7/2017 11:42:27 PM
14688679 detect:19 fail
9/7/2017 11:42:27 PM
14688679 detect:20 fail
9/7/2017 11:42:27 PM
14688679 detect:21 fail
9/7/2017 11:42:27 PM
14688679 detect:22 fail
9/7/2017 11:42:27 PM
14688679 detect:23 
fail
9/7/2017 11:42:27 PM
14688679 detect:24 fail
9/7/2017 11:42:45 PM
echo:0 ready
9/7/2017 11:42:45 PM
echo:2 ready
9/7/2017 11:42:45 PM
echo:3 ready
9/7/2017 11:42:45 PM
echo:4 ready
9/7/2017 11:42:45 PM
echo:6 ready
9/7/2017 11:42:45 PM
echo:7 ready
9/7/2017 11:42:45 PM
echo:8 ready
9/7/2017 11:42:45 PM
echo:9 ready
9/7/2017 11:42:46 PM
echo:11 ready
9/7/2017 11:42:46 PM
echo:12 ready
9/7/2017 11:42:46 PM
echo:14 ready
9/7/2017 11:42:46 PM
echo:16 ready


9/7/2017 11:42:46 PM
echo:17 ready
9/7/2017 11:42:46 PM
echo:18 ready
9/7/2017 11:42:46 PM
echo:19 ready
9/7/2017 11:42:46 PM
echo:20 ready
9/7/2017 11:42:46 PM
echo:21 ready
9/7/2017 11:42:46 PM
echo:22 ready
9/7/2017 11:42:46 PM
echo:23 ready
9/7/2017 11:42:47 PM
14688680 detect:0 fail
9/7/2017 11:42:47 PM
14688680 detect:1 fail
9/7/2017 11:42:47 PM
14688680 detect:2 fail
9/7/2017 11:42:47 PM
14688680 detect:3 fail
9/7/2017 11:42:47 PM
14688680 detect:4 fail
9/7/2017 11:42:47 PM
14688680 detect:5 fail
9/7/2017 11:42:47 PM
14688680 detect:6 fail
9/7/2017 11:42:47 PM
14688680 detect:7 fail
9/7/2017 11:42:47 PM
14688680 detect:8 fail
9/7/2017 11:42:47 PM
14688680 detect:9 fail
9/7/2017 11:42:47 PM
14688680 detect:10 fail
9/7/2017 11:42:47 PM
14688680 detect:11 fail
9/7/2017 11:42:47 PM
14688680 detect:12 fail
9/7/2017 11:42:47 PM
14688680 detect:13 fail
9/7/2017 11:42:47 PM
14688680 detect:14 fail
9/7/2017 11:42:47 PM
14688680 detect:15 fail
9/7/2017 11:42:47 PM
14688680 detect:16 
fail
9/7/2017 11:42:47 PM
14688680 detect:17 fail
9/7/2017 11:42:47 PM
14688680 detect:18 fail
9/7/2017 11:42:47 PM
14688680 detect:19 fail
9/7/2017 11:42:47 PM
14688680 detect:20 fail
9/7/2017 11:42:47 PM
14688680 detect:21 fail
9/7/2017 11:42:47 PM
14688680 detect:22 fail
9/7/2017 11:42:47 PM
14688680 detect:23 
fail
9/7/2017 11:42:47 PM
14688680 detect:24 fail
9/7/2017 11:42:48 PM
14688681 detect:0 fail
9/7/2017 11:42:48 PM
14688681 detect:1 fail
9/7/2017 11:42:48 PM
14688681 detect:2 fail
9/7/2017 11:42:49 PM
14688681 detect:3 fail
9/7/2017 11:42:49 PM
14688681 detect:4 fail
9/7/2017 11:42:49 PM
14688681 detect:5 fail
9/7/2017 11:42:49 PM
14688681 detect:6 fail
9/7/2017 11:42:49 PM
14688681 detect:7 fail
9/7/2017 11:42:49 PM
14688681 detect:8 fail
9/7/2017 11:42:49 PM
14688681 detect:9 fail
9/7/2017 11:42:49 PM
14688681 detect:10 fail
9/7/2017 11:42:49 PM
14688681 detect:11 fail
9/7/2017 11:42:49 PM
14688681 detect:12 fail
9/7/2017 11:42:49 PM
14688681 detect:13 fail
9/7/2017 11:42:49 PM
14688681 detect:14 fail
9/7/2017 11:42:49 PM
14688681 detect:15 fail
9/7/2017 11:42:49 PM
14688681 detect:16 
fail
9/7/2017 11:42:49 PM
14688681 detect:17 fail
9/7/2017 11:42:49 PM
14688681 detect:18 fail
9/7/2017 11:42:49 PM
14688681 detect:19 fail
9/7/2017 11:42:49 PM
14688681 detect:20 fail
9/7/2017 11:42:49 PM
14688681 detect:21 fail
9/7/2017 11:42:49 PM
14688681 detect:22 fail
9/7/2017 11:42:49 PM
14688681 detect:23 
fail
9/7/2017 11:42:49 PM
14688681 detect:24 fail
9/7/2017 11:42:50 PM
14688682 detect:0 fail
9/7/2017 11:42:50 PM
14688682 detect:1 fail
9/7/2017 11:42:50 PM
14688682 detect:2 fail
9/7/2017 11:42:50 PM
14688682 detect:3 fail
9/7/2017 11:42:51 PM
14688682 detect:4 fail
9/7/2017 11:42:51 PM
14688682 detect:5 fail
9/7/2017 11:42:51 PM
14688682 detect:6 fail
9/7/2017 11:42:51 PM
14688682 detect:7 fail
9/7/2017 11:42:51 PM
14688682 detect:8 fail
9/7/2017 11:42:51 PM
14688682 detect:9 fail
9/7/2017 11:42:51 PM
14688682 detect:10 fail
9/7/2017 11:42:51 PM
14688682 detect:11 fail
9/7/2017 11:42:51 PM
14688682 detect:12 fail
9/7/2017 11:42:51 PM
14688682 detect:13 fail
9/7/2017 11:42:51 PM
14688682 detect:14 fail
9/7/2017 11:42:51 PM
14688682 detect:15 fail
9/7/2017 11:42:51 PM
14688682 detect:16 
fail
9/7/2017 11:42:51 PM
14688682 detect:17 fail
9/7/2017 11:42:51 PM
14688682 detect:18 fail
9/7/2017 11:42:51 PM
14688682 detect:19 fail
9/7/2017 11:42:51 PM
14688682 detect:20 fail
9/7/2017 11:42:51 PM
14688682 detect:21 fail
9/7/2017 11:42:51 PM
14688682 detect:22 fail
9/7/2017 11:42:51 PM
14688682 detect:23 
fail
9/7/2017 11:42:51 PM
14688682 detect:24 fail
9/7/2017 11:42:53 PM
14688683 detect:0 fail
9/7/2017 11:42:53 PM
14688683 detect:1 fail
9/7/2017 11:42:53 PM
14688683 detect:2 fail
9/7/2017 11:42:53 PM
14688683 detect:3 fail
9/7/2017 11:42:53 PM
14688683 detect:4 fail
9/7/2017 11:42:53 PM
14688683 detect:5 fail
9/7/2017 11:42:53 PM
14688683 detect:6 fail
9/7/2017 11:42:53 PM
14688683 detect:7 fail
9/7/2017 11:42:53 PM
14688683 detect:8 fail
9/7/2017 11:42:53 PM
14688683 detect:9 fail
9/7/2017 11:42:53 PM
14688683 detect:10 fail
9/7/2017 11:42:53 PM
14688683 detect:11 fail
9/7/2017 11:42:53 PM
14688683 detect:12 fail
9/7/2017 11:42:53 PM
14688683 detect:13 fail
9/7/2017 11:42:53 PM
14688683 detect:14 fail
9/7/2017 11:42:53 PM
14688683 detect:15 fail
9/7/2017 11:42:53 PM
14688683 detect:16 
fail
9/7/2017 11:42:53 PM
14688683 detect:17 fail
9/7/2017 11:42:53 PM
14688683 detect:18 fail
9/7/2017 11:42:53 PM
14688683 detect:19 fail
9/7/2017 11:42:53 PM
14688683 detect:20 fail
9/7/2017 11:42:53 PM
14688683 detect:21 fail
9/7/2017 11:42:53 PM
14688683 detect:22 fail
9/7/2017 11:42:53 PM
14688683 detect:23 
fail
9/7/2017 11:42:53 PM
14688683 detect:24 fail
9/7/2017 11:42:55 PM
14688684 detect:0 fail
9/7/2017 11:42:55 PM
14688684 detect:1 fail
9/7/2017 11:42:55 PM
14688684 detect:2 fail
9/7/2017 11:42:55 PM
14688684 detect:3 fail
9/7/2017 11:42:55 PM
14688684 detect:4 fail
9/7/2017 11:42:55 PM
14688684 detect:5 fail
9/7/2017 11:42:55 PM
14688684 detect:6 fail
9/7/2017 11:42:55 PM
14688684 detect:7 fail
9/7/2017 11:42:55 PM
14688684 detect:8 fail
9/7/2017 11:42:55 PM
14688684 detect:9 fail
9/7/2017 11:42:55 PM
14688684 detect:10 fail
9/7/2017 11:42:55 PM
14688684 detect:11 fail
9/7/2017 11:42:55 PM
14688684 detect:12 fail
9/7/2017 11:42:55 PM
14688684 detect:13 fail
9/7/2017 11:42:55 PM
14688684 detect:14 fail
9/7/2017 11:42:55 PM
14688684 detect:15 fail
9/7/2017 11:42:55 PM
14688684 detect:16 
fail
9/7/2017 11:42:55 PM
14688684 detect:17 fail
9/7/2017 11:42:55 PM
14688684 detect:18 fail
9/7/2017 11:42:55 PM
14688684 detect:19 fail
9/7/2017 11:42:55 PM
14688684 detect:20 fail
9/7/2017 11:42:55 PM
14688684 detect:21 fail
9/7/2017 11:42:55 PM
14688684 detect:22 fail
9/7/2017 11:42:55 PM
14688684 detect:23 
fail
9/7/2017 11:42:55 PM
14688684 detect:24 fail
9/7/2017 11:43:39 PM
echo:0 ready
9/7/2017 11:43:39 PM
echo:1 ready
9/7/2017 11:43:39 PM
echo:4 ready
9/7/2017 11:43:39 PM
echo:5 ready
9/7/2017 11:43:39 PM
echo:6 ready
9/7/2017 11:43:39 PM
echo:7 ready
9/7/2017 11:43:39 PM
echo:8 ready
9/7/2017 11:43:39 PM
echo:9 ready
9/7/2017 11:43:39 PM
echo:15 ready
9/7/2017 11:43:39 PM
echo:16 ready


9/7/2017 11:43:39 PM
echo:17 ready
9/7/2017 11:43:39 PM
echo:19 ready
9/7/2017 11:43:39 PM
echo:20 ready
9/7/2017 11:43:39 PM
echo:21 ready
9/7/2017 11:43:39 PM
echo:22 ready
9/7/2017 11:43:49 PM
echo:1 ready
9/7/2017 11:43:49 PM
echo:7 ready
9/7/2017 11:43:49 PM
echo:8 ready
9/7/2017 11:43:49 PM
echo:9 ready
9/7/2017 11:43:49 PM
echo:11 ready
9/7/2017 11:43:49 PM
echo:14 ready
9/7/2017 11:43:49 PM
echo:16 ready


9/7/2017 11:43:49 PM
echo:20 ready
9/7/2017 11:43:49 PM
echo:23 ready
9/7/2017 11:43:55 PM
14688685 detect:0 fail
9/7/2017 11:43:55 PM
14688685 detect:1 fail
9/7/2017 11:43:55 PM
14688685 detect:2 fail
9/7/2017 11:43:55 PM
14688685 detect:3 fail
9/7/2017 11:43:55 PM
14688685 detect:4 fail
9/7/2017 11:43:55 PM
14688685 detect:6 fail
9/7/2017 11:43:55 PM
14688685 detect:7 fail
9/7/2017 11:43:55 PM
14688685 detect:8 fail
9/7/2017 11:43:55 PM
14688685 detect:9 fail
9/7/2017 11:43:55 PM
14688685 detect:11 fail
9/7/2017 11:43:55 PM
14688685 detect:12 fail
9/7/2017 11:43:55 PM
14688685 detect:14 fail
9/7/2017 11:43:55 PM
14688685 detect:15 fail
9/7/2017 11:43:55 PM
14688685 detect:16 
fail
9/7/2017 11:43:55 PM
14688685 detect:18 fail
9/7/2017 11:43:55 PM
14688685 detect:19 fail
9/7/2017 11:43:55 PM
14688685 detect:20 fail
9/7/2017 11:43:55 PM
14688685 detect:21 fail
9/7/2017 11:43:55 PM
14688685 detect:22 fail
9/7/2017 11:43:55 PM
14688685 detect:23 
fail
9/7/2017 11:43:55 PM
14688685 detect:24 fail
9/7/2017 11:46:33 PM
echo:0 ready
9/7/2017 11:46:33 PM
echo:1 ready
9/7/2017 11:46:33 PM
echo:2 ready
9/7/2017 11:46:33 PM
echo:3 ready
9/7/2017 11:46:33 PM
echo:4 ready
9/7/2017 11:46:33 PM
echo:5 ready
9/7/2017 11:46:33 PM
echo:6 ready
9/7/2017 11:46:33 PM
echo:7 ready
9/7/2017 11:46:33 PM
echo:8 ready
9/7/2017 11:46:33 PM
echo:9 ready
9/7/2017 11:46:33 PM
echo:10 ready
9/7/2017 11:46:33 PM
echo:11 ready
9/7/2017 11:46:33 PM
echo:12 ready
9/7/2017 11:46:33 PM
echo:13 ready
9/7/2017 11:46:33 PM
echo:14 ready
9/7/2017 11:46:33 PM
echo:15 ready
9/7/2017 11:46:33 PM
echo:16 ready


9/7/2017 11:46:33 PM
echo:17 ready
9/7/2017 11:46:33 PM
echo:18 ready
9/7/2017 11:46:33 PM
echo:19 ready
9/7/2017 11:46:33 PM
echo:20 ready
9/7/2017 11:46:33 PM
echo:21 ready
9/7/2017 11:46:33 PM
echo:22 ready
9/7/2017 11:46:33 PM
echo:23 ready
9/7/2017 11:46:33 PM
echo:24 ready
9/7/2017 11:46:41 PM
14688686 detect:0 fail
9/7/2017 11:46:41 PM
14688686 detect:1 fail
9/7/2017 11:46:41 PM
14688686 detect:2 fail
9/7/2017 11:46:41 PM
14688686 detect:3 fail
9/7/2017 11:46:41 PM
14688686 detect:4 fail
9/7/2017 11:46:41 PM
14688686 detect:5 fail
9/7/2017 11:46:41 PM
14688686 detect:6 fail
9/7/2017 11:46:41 PM
14688686 detect:7 fail
9/7/2017 11:46:41 PM
14688686 detect:8 fail
9/7/2017 11:46:41 PM
14688686 detect:9 fail
9/7/2017 11:46:41 PM
14688686 detect:10 fail
9/7/2017 11:46:41 PM
14688686 detect:11 fail
9/7/2017 11:46:41 PM
14688686 detect:12 fail
9/7/2017 11:46:41 PM
14688686 detect:13 fail
9/7/2017 11:46:42 PM
14688686 detect:14 fail
9/7/2017 11:46:42 PM
14688686 detect:15 fail
9/7/2017 11:46:42 PM
14688686 detect:16 
fail
9/7/2017 11:46:42 PM
14688686 detect:17 fail
9/7/2017 11:46:42 PM
14688686 detect:18 fail
9/7/2017 11:46:42 PM
14688686 detect:19 fail
9/7/2017 11:46:42 PM
14688686 detect:20 fail
9/7/2017 11:46:42 PM
14688686 detect:21 fail
9/7/2017 11:46:42 PM
14688686 detect:22 fail
9/7/2017 11:46:42 PM
14688686 detect:23 
fail
9/7/2017 11:46:42 PM
14688686 detect:24 fail
